<?xml version="1.0" encoding="UTF-8"?>
<!-- Generated by org.testng.reporters.JUnitReportReporter -->
<testsuite hostname="MacBook-Air-Alexandra.local" failures="0" tests="1" name="ua.alesandrahvozdenko.tests.TestDemo2" time="0.003" errors="0" timestamp="2020-01-30T20:47:47 EET" skipped="0">
  <testcase classname="ua.alesandrahvozdenko.tests.TestDemo2" name="myTest" time="0.003"/>
  <system-out/>
</testsuite> <!-- ua.alesandrahvozdenko.tests.TestDemo2 -->
