<?xml version="1.0" encoding="UTF-8"?>
<!-- Generated by org.testng.reporters.JUnitReportReporter -->
<testsuite hostname="MacBook-Air-Alexandra.local" failures="0" tests="1" name="ua.alesandrahvozdenko.tests.testNG.TestDemo2" time="0.000" errors="0" timestamp="2020-01-30T21:26:33 EET" skipped="0">
  <testcase classname="ua.alesandrahvozdenko.tests.testNG.TestDemo2" name="myTest" time="0.000"/>
  <system-out/>
</testsuite> <!-- ua.alesandrahvozdenko.tests.testNG.TestDemo2 -->
